# JRE version: Java(TM) SE Runtime Environment (15.0.2+7) (build 15.0.2+7-27)
# Java VM: Java HotSpot(TM) 64-Bit Server VM (15.0.2+7-27, mixed mode, sharing, tiered, compressed oops, g1 gc, windows-amd64)
GC Precious Log:
 CPUs: 8 total, 8 available
 Memory: 12189M
 Large Page Support: Disabled
 NUMA Support: Disabled
 Compressed Oops: Enabled (32-bit)
 Heap Region Size: 1M
 Heap Min Capacity: 8M
 Heap Initial Capacity: 192M
 Heap Max Capacity: 2G
 Pre-touch: Disabled
 Parallel Workers: 8
 Concurrent Workers: 2
 Concurrent Refinement Workers: 8
 Periodic GC: Disabled
Heap:
 garbage-first heap   total 147456K, used 101982K [0x0000000080000000, 0x0000000100000000)
  region size 1024K, 30 young (30720K), 5 survivors (5120K)
 Metaspace       used 75407K, capacity 76626K, committed 76720K, reserved 583680K
  class space    used 9995K, capacity 10425K, committed 10496K, reserved 516096K
GC Heap History (20 events):
Event: 27.450 GC heap before
{Heap before GC invocations=26 (full 0):
 garbage-first heap   total 96256K, used 72960K [0x0000000080000000, 0x0000000100000000)
  region size 1024K, 21 young (21504K), 2 survivors (2048K)
 Metaspace       used 59344K, capacity 60378K, committed 60720K, reserved 569344K
  class space    used 8064K, capacity 8456K, committed 8576K, reserved 516096K
}
Event: 27.457 GC heap after
{Heap after GC invocations=27 (full 0):
 garbage-first heap   total 96256K, used 57064K [0x0000000080000000, 0x0000000100000000)
  region size 1024K, 3 young (3072K), 3 survivors (3072K)
 Metaspace       used 59344K, capacity 60378K, committed 60720K, reserved 569344K
  class space    used 8064K, capacity 8456K, committed 8576K, reserved 516096K
}
Event: 27.967 GC heap before
{Heap before GC invocations=27 (full 0):
 garbage-first heap   total 96256K, used 76520K [0x0000000080000000, 0x0000000100000000)
  region size 1024K, 23 young (23552K), 3 survivors (3072K)
 Metaspace       used 61481K, capacity 62410K, committed 62640K, reserved 571392K
  class space    used 8288K, capacity 8660K, committed 8704K, reserved 516096K
}
Event: 27.972 GC heap after
{Heap after GC invocations=28 (full 0):
 garbage-first heap   total 96256K, used 59657K [0x0000000080000000, 0x0000000100000000)
  region size 1024K, 3 young (3072K), 3 survivors (3072K)
 Metaspace       used 61481K, capacity 62410K, committed 62640K, reserved 571392K
  class space    used 8288K, capacity 8660K, committed 8704K, reserved 516096K
}
Event: 28.595 GC heap before
{Heap before GC invocations=29 (full 0):
 garbage-first heap   total 104448K, used 77065K [0x0000000080000000, 0x0000000100000000)
  region size 1024K, 21 young (21504K), 3 survivors (3072K)
 Metaspace       used 62172K, capacity 63213K, committed 63536K, reserved 571392K
  class space    used 8392K, capacity 8757K, committed 8832K, reserved 516096K
}
Event: 28.600 GC heap after
{Heap after GC invocations=30 (full 0):
 garbage-first heap   total 104448K, used 62533K [0x0000000080000000, 0x0000000100000000)
  region size 1024K, 3 young (3072K), 3 survivors (3072K)
 Metaspace       used 62172K, capacity 63213K, committed 63536K, reserved 571392K
  class space    used 8392K, capacity 8757K, committed 8832K, reserved 516096K
}
Event: 28.705 GC heap before
{Heap before GC invocations=30 (full 0):
 garbage-first heap   total 104448K, used 64581K [0x0000000080000000, 0x0000000100000000)
  region size 1024K, 7 young (7168K), 3 survivors (3072K)
 Metaspace       used 62199K, capacity 63229K, committed 63536K, reserved 571392K
  class space    used 8395K, capacity 8760K, committed 8832K, reserved 516096K
}
Event: 28.710 GC heap after
{Heap after GC invocations=31 (full 0):
 garbage-first heap   total 125952K, used 63057K [0x0000000080000000, 0x0000000100000000)
  region size 1024K, 1 young (1024K), 1 survivors (1024K)
 Metaspace       used 62199K, capacity 63229K, committed 63536K, reserved 571392K
  class space    used 8395K, capacity 8760K, committed 8832K, reserved 516096K
}
Event: 29.314 GC heap before
{Heap before GC invocations=32 (full 0):
 garbage-first heap   total 125952K, used 96849K [0x0000000080000000, 0x0000000100000000)
  region size 1024K, 32 young (32768K), 1 survivors (1024K)
 Metaspace       used 65274K, capacity 66283K, committed 66480K, reserved 573440K
  class space    used 8777K, capacity 9157K, committed 9216K, reserved 516096K
}
Event: 29.318 GC heap after
{Heap after GC invocations=33 (full 0):
 garbage-first heap   total 125952K, used 70656K [0x0000000080000000, 0x0000000100000000)
  region size 1024K, 4 young (4096K), 4 survivors (4096K)
 Metaspace       used 65274K, capacity 66283K, committed 66480K, reserved 573440K
  class space    used 8777K, capacity 9157K, committed 9216K, reserved 516096K
}
Event: 29.366 GC heap before
{Heap before GC invocations=33 (full 0):
 garbage-first heap   total 125952K, used 73728K [0x0000000080000000, 0x0000000100000000)
  region size 1024K, 6 young (6144K), 4 survivors (4096K)
 Metaspace       used 65457K, capacity 66507K, committed 66736K, reserved 575488K
  class space    used 8797K, capacity 9189K, committed 9216K, reserved 516096K
}
Event: 29.379 GC heap after
{Heap after GC invocations=34 (full 0):
 garbage-first heap   total 125952K, used 67868K [0x0000000080000000, 0x0000000100000000)
  region size 1024K, 1 young (1024K), 1 survivors (1024K)
 Metaspace       used 65457K, capacity 66507K, committed 66736K, reserved 575488K
  class space    used 8797K, capacity 9189K, committed 9216K, reserved 516096K
}
Event: 29.928 GC heap before
{Heap before GC invocations=34 (full 0):
 garbage-first heap   total 125952K, used 93468K [0x0000000080000000, 0x0000000100000000)
  region size 1024K, 28 young (28672K), 1 survivors (1024K)
 Metaspace       used 70278K, capacity 71255K, committed 71344K, reserved 579584K
  class space    used 9323K, capacity 9703K, committed 9728K, reserved 516096K
}
Event: 29.932 GC heap after
{Heap after GC invocations=35 (full 0):
 garbage-first heap   total 125952K, used 69842K [0x0000000080000000, 0x0000000100000000)
  region size 1024K, 3 young (3072K), 3 survivors (3072K)
 Metaspace       used 70278K, capacity 71255K, committed 71344K, reserved 579584K
  class space    used 9323K, capacity 9703K, committed 9728K, reserved 516096K
}
Event: 30.283 GC heap before
{Heap before GC invocations=36 (full 0):
 garbage-first heap   total 147456K, used 103634K [0x0000000080000000, 0x0000000100000000)
  region size 1024K, 30 young (30720K), 3 survivors (3072K)
 Metaspace       used 71665K, capacity 72789K, committed 72880K, reserved 579584K
  class space    used 9508K, capacity 9932K, committed 9984K, reserved 516096K
}
Event: 30.288 GC heap after
{Heap after GC invocations=37 (full 0):
 garbage-first heap   total 147456K, used 72480K [0x0000000080000000, 0x0000000100000000)
  region size 1024K, 4 young (4096K), 4 survivors (4096K)
 Metaspace       used 71665K, capacity 72789K, committed 72880K, reserved 579584K
  class space    used 9508K, capacity 9932K, committed 9984K, reserved 516096K
}
Event: 30.604 GC heap before
{Heap before GC invocations=37 (full 0):
 garbage-first heap   total 147456K, used 93984K [0x0000000080000000, 0x0000000100000000)
  region size 1024K, 26 young (26624K), 4 survivors (4096K)
 Metaspace       used 73590K, capacity 74663K, committed 74928K, reserved 581632K
  class space    used 9711K, capacity 10128K, committed 10240K, reserved 516096K
}
Event: 30.608 GC heap after
{Heap after GC invocations=38 (full 0):
 garbage-first heap   total 147456K, used 74073K [0x0000000080000000, 0x0000000100000000)
  region size 1024K, 5 young (5120K), 5 survivors (5120K)
 Metaspace       used 73590K, capacity 74663K, committed 74928K, reserved 581632K
  class space    used 9711K, capacity 10128K, committed 10240K, reserved 516096K
}
Event: 31.336 GC heap before
{Heap before GC invocations=39 (full 0):
 garbage-first heap   total 147456K, used 116057K [0x0000000080000000, 0x0000000100000000)
  region size 1024K, 45 young (46080K), 5 survivors (5120K)
 Metaspace       used 74877K, capacity 75993K, committed 76080K, reserved 583680K
  class space    used 9916K, capacity 10313K, committed 10368K, reserved 516096K
}
Event: 31.342 GC heap after
{Heap after GC invocations=40 (full 0):
 garbage-first heap   total 147456K, used 77406K [0x0000000080000000, 0x0000000100000000)
  region size 1024K, 5 young (5120K), 5 survivors (5120K)
 Metaspace       used 74877K, capacity 75993K, committed 76080K, reserved 583680K
  class space    used 9916K, capacity 10313K, committed 10368K, reserved 516096K
}

